<?xml version="1.0" encoding="UTF-8"?>
<testsuites>
  <testsuite name="." tests="9" assertions="7" failures="0" errors="0" time="0.106130">
    <testsuite name="MW_Container_Content_PHPExcelTest" file="/home/doleiynyk/Arcavias/arcavias-demo/vendor/arcavias/arcavias-core/ext/phpexcel/lib/custom/tests/MW/Container/Content/PHPExcelTest.php" fullPackage="MW.Container.Content" tests="5" assertions="4" failures="0" errors="0" time="0.027565">
      <testcase name="testClose" class="MW_Container_Content_PHPExcelTest" file="/home/doleiynyk/Arcavias/arcavias-demo/vendor/arcavias/arcavias-core/ext/phpexcel/lib/custom/tests/MW/Container/Content/PHPExcelTest.php" line="41" assertions="0" time="0.018684"/>
      <testcase name="testAdd" class="MW_Container_Content_PHPExcelTest" file="/home/doleiynyk/Arcavias/arcavias-demo/vendor/arcavias/arcavias-core/ext/phpexcel/lib/custom/tests/MW/Container/Content/PHPExcelTest.php" line="47" assertions="1" time="0.005219"/>
      <testcase name="testIterator" class="MW_Container_Content_PHPExcelTest" file="/home/doleiynyk/Arcavias/arcavias-demo/vendor/arcavias/arcavias-core/ext/phpexcel/lib/custom/tests/MW/Container/Content/PHPExcelTest.php" line="64" assertions="1" time="0.001985"/>
      <testcase name="testGetName" class="MW_Container_Content_PHPExcelTest" file="/home/doleiynyk/Arcavias/arcavias-demo/vendor/arcavias/arcavias-core/ext/phpexcel/lib/custom/tests/MW/Container/Content/PHPExcelTest.php" line="82" assertions="1" time="0.000779"/>
      <testcase name="testGetResource" class="MW_Container_Content_PHPExcelTest" file="/home/doleiynyk/Arcavias/arcavias-demo/vendor/arcavias/arcavias-core/ext/phpexcel/lib/custom/tests/MW/Container/Content/PHPExcelTest.php" line="88" assertions="1" time="0.000898"/>
    </testsuite>
    <testsuite name="MW_Container_PHPExcelTest" file="/home/doleiynyk/Arcavias/arcavias-demo/vendor/arcavias/arcavias-core/ext/phpexcel/lib/custom/tests/MW/Container/PHPExcelTest.php" fullPackage="MW.Container" tests="4" assertions="3" failures="0" errors="0" time="0.078565">
      <testcase name="testExistingFile" class="MW_Container_PHPExcelTest" file="/home/doleiynyk/Arcavias/arcavias-demo/vendor/arcavias/arcavias-core/ext/phpexcel/lib/custom/tests/MW/Container/PHPExcelTest.php" line="12" assertions="0" time="0.031914"/>
      <testcase name="testNewFile" class="MW_Container_PHPExcelTest" file="/home/doleiynyk/Arcavias/arcavias-demo/vendor/arcavias/arcavias-core/ext/phpexcel/lib/custom/tests/MW/Container/PHPExcelTest.php" line="21" assertions="1" time="0.009767"/>
      <testcase name="testAdd" class="MW_Container_PHPExcelTest" file="/home/doleiynyk/Arcavias/arcavias-demo/vendor/arcavias/arcavias-core/ext/phpexcel/lib/custom/tests/MW/Container/PHPExcelTest.php" line="35" assertions="1" time="0.014599"/>
      <testcase name="testIterator" class="MW_Container_PHPExcelTest" file="/home/doleiynyk/Arcavias/arcavias-demo/vendor/arcavias/arcavias-core/ext/phpexcel/lib/custom/tests/MW/Container/PHPExcelTest.php" line="54" assertions="1" time="0.022285"/>
    </testsuite>
  </testsuite>
</testsuites>
